<?xml version="1.0" encoding="UTF-8"?>
<!-- Generated by org.testng.reporters.JUnitXMLReporter -->
<testsuite ignored="0" hostname="DESKTOP-V07DUCD" failures="0" tests="6" name="Assertion Test" time="75.142" errors="0" timestamp="2022-09-14T19:39:25 IST">
  <testcase classname="test_cases.T02_Duplicates" name="createContacts" time="8.972"/>
  <testcase classname="test_cases.T02_Duplicates" name="createContacts" time="9.766"/>
  <testcase classname="test_cases.T02_Duplicates" name="createContacts" time="9.669"/>
  <testcase classname="test_cases.T02_Duplicates" name="createContacts" time="9.644"/>
  <testcase classname="test_cases.T02_Duplicates" name="createContacts" time="9.259"/>
  <testcase classname="test_cases.T02_Duplicates" name="validateDuplicates" time="4.44"/>
</testsuite> <!-- Assertion Test -->
