<?xml version="1.0" encoding="UTF-8"?>
<!-- Generated by org.testng.reporters.JUnitXMLReporter -->
<testsuite ignored="0" hostname="DESKTOP-V07DUCD" failures="3" tests="8" name="Test_set_1" time="23.361" errors="0" timestamp="2022-09-21T08:35:57 IST">
  <testcase classname="contactsModule.T04_ValidateAdvancedSearch" name="advancedSearchNegetive" time="1.74"/>
  <testcase classname="contactsModule.T04_ValidateAdvancedSearch" name="advancedSearchNegetive" time="0.18"/>
  <testcase classname="contactsModule.T04_ValidateAdvancedSearch" name="advancedSearchNegetive" time="0.17"/>
  <testcase classname="contactsModule.T04_ValidateAdvancedSearch" name="advancedSearchNegetive" time="0.159"/>
  <testcase classname="contactsModule.T04_ValidateAdvancedSearch" name="advancedSearchNegetive" time="0.156"/>
  <testcase classname="contactsModule.T04_ValidateAdvancedSearch" name="advancedSearchPositive" time="0.168">
    <failure type="java.lang.StringIndexOutOfBoundsException" message="begin 25, end 0, length 0">
      <![CDATA[java.lang.StringIndexOutOfBoundsException: begin 25, end 0, length 0
at java.base/java.lang.String.checkBoundsBeginEnd(String.java:4601)
at java.base/java.lang.String.substring(String.java:2704)
at java.base/java.lang.String.substring(String.java:2677)
at object_repo.Contacts_Page.advancedSearchResults(Contacts_Page.java:117)
at contactsModule.T04_ValidateAdvancedSearch.advancedSearchPositive(T04_ValidateAdvancedSearch.java:54)
at java.base/java.util.ArrayList.forEach(ArrayList.java:1511)
... Removed 27 stack frames]]>
    </failure>
  </testcase> <!-- advancedSearchPositive -->
  <testcase classname="contactsModule.T04_ValidateAdvancedSearch" name="advancedSearchPositive" time="0.137">
    <failure type="java.lang.StringIndexOutOfBoundsException" message="begin 25, end 0, length 0">
      <![CDATA[java.lang.StringIndexOutOfBoundsException: begin 25, end 0, length 0
at java.base/java.lang.String.checkBoundsBeginEnd(String.java:4601)
at java.base/java.lang.String.substring(String.java:2704)
at java.base/java.lang.String.substring(String.java:2677)
at object_repo.Contacts_Page.advancedSearchResults(Contacts_Page.java:117)
at contactsModule.T04_ValidateAdvancedSearch.advancedSearchPositive(T04_ValidateAdvancedSearch.java:54)
at java.base/java.util.ArrayList.forEach(ArrayList.java:1511)
... Removed 27 stack frames]]>
    </failure>
  </testcase> <!-- advancedSearchPositive -->
  <testcase classname="contactsModule.T04_ValidateAdvancedSearch" name="advancedSearchPositive" time="0.176">
    <failure type="java.lang.StringIndexOutOfBoundsException" message="begin 25, end 0, length 0">
      <![CDATA[java.lang.StringIndexOutOfBoundsException: begin 25, end 0, length 0
at java.base/java.lang.String.checkBoundsBeginEnd(String.java:4601)
at java.base/java.lang.String.substring(String.java:2704)
at java.base/java.lang.String.substring(String.java:2677)
at object_repo.Contacts_Page.advancedSearchResults(Contacts_Page.java:117)
at contactsModule.T04_ValidateAdvancedSearch.advancedSearchPositive(T04_ValidateAdvancedSearch.java:54)
at java.base/java.util.ArrayList.forEach(ArrayList.java:1511)
... Removed 27 stack frames]]>
    </failure>
  </testcase> <!-- advancedSearchPositive -->
</testsuite> <!-- Test_set_1 -->
