<?xml version="1.0" encoding="UTF-8"?>
<!-- Generated by org.testng.reporters.JUnitXMLReporter -->
<testsuite ignored="0" hostname="DESKTOP-V07DUCD" failures="0" tests="6" name="Test_Set_2" time="78.383" errors="0" timestamp="2022-09-18T00:03:28 IST">
  <testcase classname="contactsModule.T02_ValidateFinduplicateContactsTest" name="createContactsTest" time="11.637"/>
  <testcase classname="contactsModule.T02_ValidateFinduplicateContactsTest" name="createContactsTest" time="11.251"/>
  <testcase classname="contactsModule.T02_ValidateFinduplicateContactsTest" name="createContactsTest" time="10.348"/>
  <testcase classname="contactsModule.T02_ValidateFinduplicateContactsTest" name="createContactsTest" time="9.405"/>
  <testcase classname="contactsModule.T02_ValidateFinduplicateContactsTest" name="createContactsTest" time="9.427"/>
  <testcase classname="contactsModule.T02_ValidateFinduplicateContactsTest" name="validateDuplicatesTest" time="4.751"/>
</testsuite> <!-- Test_Set_2 -->
